app/build/intermediates/manifest_merge_blame_file/debug/manifest-merger-blame-debug-report.txt
1<?xml version="1.0" encoding="utf-8"?>
2<manifest xmlns:android="http://schemas.android.com/apk/res/android"
3    package="edu.virginia.cs4720.bucketlist.jss8ny"
4    android:versionCode="1"
5    android:versionName="1.0" >
6
7    <uses-sdk
8        android:minSdkVersion="21"
8-->src/main/AndroidManifest.xml
9        android:targetSdkVersion="32" />
9-->src/main/AndroidManifest.xml
10
11    <application
11-->src/main/AndroidManifest.xml:6:5-33:19
12        android:allowBackup="true"
12-->src/main/AndroidManifest.xml:7:9-35
13        android:appComponentFactory="androidx.core.app.CoreComponentFactory"
13-->[androidx.core:core:1.8.0] AndroidManifest.xml:24:18-86
14        android:dataExtractionRules="@xml/data_extraction_rules"
14-->src/main/AndroidManifest.xml:8:9-65
15        android:debuggable="true"
16        android:fullBackupContent="@xml/backup_rules"
16-->src/main/AndroidManifest.xml:9:9-54
17        android:icon="@mipmap/ic_launcher"
17-->src/main/AndroidManifest.xml:10:9-43
18        android:label="@string/app_name"
18-->src/main/AndroidManifest.xml:11:9-41
19        android:roundIcon="@mipmap/ic_launcher_round"
19-->src/main/AndroidManifest.xml:12:9-54
20        android:supportsRtl="true"
20-->src/main/AndroidManifest.xml:13:9-35
21        android:testOnly="true"
22        android:theme="@style/AppTheme" >
22-->src/main/AndroidManifest.xml:14:9-40
23        <activity
23-->src/main/AndroidManifest.xml:16:9-19:60
24            android:name="edu.virginia.cs4720.bucketlist.jss8ny.AddBucketListItemActivity"
24-->src/main/AndroidManifest.xml:17:9-87
25            android:exported="false"
25-->src/main/AndroidManifest.xml:18:9-33
26            android:theme="@style/AppTheme.PopUpWindowTheme" />
26-->src/main/AndroidManifest.xml:19:9-57
27        <activity
27-->src/main/AndroidManifest.xml:20:9-23:64
28            android:name="edu.virginia.cs4720.bucketlist.jss8ny.EditBucketListItemActivity"
28-->src/main/AndroidManifest.xml:21:13-92
29            android:exported="false"
29-->src/main/AndroidManifest.xml:22:13-37
30            android:theme="@style/AppTheme.PopUpWindowTheme" />
30-->src/main/AndroidManifest.xml:23:13-61
31        <activity
31-->src/main/AndroidManifest.xml:24:9-32:20
32            android:name="edu.virginia.cs4720.bucketlist.jss8ny.MainActivity"
32-->src/main/AndroidManifest.xml:25:13-41
33            android:exported="true" >
33-->src/main/AndroidManifest.xml:26:13-36
34            <intent-filter>
34-->src/main/AndroidManifest.xml:27:13-31:29
35                <action android:name="android.intent.action.MAIN" />
35-->src/main/AndroidManifest.xml:28:17-69
35-->src/main/AndroidManifest.xml:28:25-66
36
37                <category android:name="android.intent.category.LAUNCHER" />
37-->src/main/AndroidManifest.xml:30:17-77
37-->src/main/AndroidManifest.xml:30:27-74
38            </intent-filter>
39        </activity>
40
41        <service
41-->[androidx.room:room-runtime:2.4.3] AndroidManifest.xml:25:9-28:40
42            android:name="androidx.room.MultiInstanceInvalidationService"
42-->[androidx.room:room-runtime:2.4.3] AndroidManifest.xml:26:13-74
43            android:directBootAware="true"
43-->[androidx.room:room-runtime:2.4.3] AndroidManifest.xml:27:13-43
44            android:exported="false" />
44-->[androidx.room:room-runtime:2.4.3] AndroidManifest.xml:28:13-37
45
46        <provider
46-->[androidx.emoji2:emoji2:1.2.0] AndroidManifest.xml:24:9-32:20
47            android:name="androidx.startup.InitializationProvider"
47-->[androidx.emoji2:emoji2:1.2.0] AndroidManifest.xml:25:13-67
48            android:authorities="edu.virginia.cs4720.bucketlist.jss8ny.androidx-startup"
48-->[androidx.emoji2:emoji2:1.2.0] AndroidManifest.xml:26:13-68
49            android:exported="false" >
49-->[androidx.emoji2:emoji2:1.2.0] AndroidManifest.xml:27:13-37
50            <meta-data
50-->[androidx.emoji2:emoji2:1.2.0] AndroidManifest.xml:29:13-31:52
51                android:name="androidx.emoji2.text.EmojiCompatInitializer"
51-->[androidx.emoji2:emoji2:1.2.0] AndroidManifest.xml:30:17-75
52                android:value="androidx.startup" />
52-->[androidx.emoji2:emoji2:1.2.0] AndroidManifest.xml:31:17-49
53            <meta-data
53-->[androidx.lifecycle:lifecycle-process:2.4.1] AndroidManifest.xml:31:13-33:52
54                android:name="androidx.lifecycle.ProcessLifecycleInitializer"
54-->[androidx.lifecycle:lifecycle-process:2.4.1] AndroidManifest.xml:32:17-78
55                android:value="androidx.startup" />
55-->[androidx.lifecycle:lifecycle-process:2.4.1] AndroidManifest.xml:33:17-49
56        </provider>
57    </application>
58
59</manifest>